[2024-05-11 17:43:06,549][INFO ][org.springframework.boot.StartupInfoLogger][main][50]Starting Application using Java 21 with PID 12768 (C:\Users\canis\IdeaProjects\challange\24001114-synrgy7-tha-pmo-ch5\target\classes started by Lln_Sln_Scn in C:\Users\canis\IdeaProjects\challange\24001114-synrgy7-tha-pmo-ch5)
[2024-05-11 17:43:06,553][INFO ][org.springframework.boot.SpringApplication][main][654]No active profile set, falling back to 1 default profile: "default"
[2024-05-11 17:43:08,006][INFO ][org.springframework.data.repository.config.RepositoryConfigurationDelegate][main][143]Bootstrapping Spring Data JPA repositories in DEFAULT mode.
[2024-05-11 17:43:08,164][INFO ][org.springframework.data.repository.config.RepositoryConfigurationDelegate][main][211]Finished Spring Data repository scanning in 138 ms. Found 5 JPA repository interfaces.
[2024-05-11 17:43:09,023][INFO ][org.springframework.boot.web.embedded.tomcat.TomcatWebServer][main][109]Tomcat initialized with port 8080 (http)
[2024-05-11 17:43:09,040][INFO ][org.apache.juli.logging.DirectJDKLog][main][173]Initializing ProtocolHandler ["http-nio-8080"]
[2024-05-11 17:43:09,043][INFO ][org.apache.juli.logging.DirectJDKLog][main][173]Starting service [Tomcat]
[2024-05-11 17:43:09,043][INFO ][org.apache.juli.logging.DirectJDKLog][main][173]Starting Servlet engine: [Apache Tomcat/10.1.20]
[2024-05-11 17:43:09,188][INFO ][org.apache.juli.logging.DirectJDKLog][main][173]Initializing Spring embedded WebApplicationContext
[2024-05-11 17:43:09,188][INFO ][org.springframework.boot.web.servlet.context.ServletWebServerApplicationContext][main][296]Root WebApplicationContext: initialization completed in 2557 ms
[2024-05-11 17:43:09,623][INFO ][org.hibernate.jpa.internal.util.LogHelper][main][31]HHH000204: Processing PersistenceUnitInfo [name: default]
[2024-05-11 17:43:09,756][INFO ][org.hibernate.Version][main][44]HHH000412: Hibernate ORM core version 6.4.4.Final
[2024-05-11 17:43:09,805][INFO ][org.hibernate.cache.internal.RegionFactoryInitiator][main][50]HHH000026: Second-level cache disabled
[2024-05-11 17:43:10,155][INFO ][org.springframework.orm.jpa.persistenceunit.SpringPersistenceUnitInfo][main][87]No LoadTimeWeaver setup: ignoring JPA class transformer
[2024-05-11 17:43:10,193][INFO ][com.zaxxer.hikari.HikariDataSource][main][110]HikariPool-1 - Starting...
[2024-05-11 17:43:10,518][INFO ][com.zaxxer.hikari.pool.HikariPool][main][565]HikariPool-1 - Added connection org.postgresql.jdbc.PgConnection@b5312df
[2024-05-11 17:43:10,519][INFO ][com.zaxxer.hikari.HikariDataSource][main][123]HikariPool-1 - Start completed.
[2024-05-11 17:43:11,839][INFO ][org.hibernate.engine.transaction.jta.platform.internal.JtaPlatformInitiator][main][58]HHH000489: No JTA platform available (set 'hibernate.transaction.jta.platform' to enable JTA platform integration)
[2024-05-11 17:43:12,010][INFO ][org.springframework.orm.jpa.AbstractEntityManagerFactoryBean][main][437]Initialized JPA EntityManagerFactory for persistence unit 'default'
[2024-05-11 17:43:12,342][INFO ][org.springframework.data.jpa.repository.query.QueryEnhancerFactory][main][49]Hibernate is in classpath; If applicable, HQL parser will be used.
[2024-05-11 17:43:13,323][WARN ][org.springframework.boot.autoconfigure.orm.jpa.JpaBaseConfiguration$JpaWebConfiguration][main][232]spring.jpa.open-in-view is enabled by default. Therefore, database queries may be performed during view rendering. Explicitly configure spring.jpa.open-in-view to disable this warning
[2024-05-11 17:43:13,890][INFO ][org.apache.juli.logging.DirectJDKLog][main][173]Starting ProtocolHandler ["http-nio-8080"]
[2024-05-11 17:43:13,919][INFO ][org.springframework.boot.web.embedded.tomcat.TomcatWebServer][main][241]Tomcat started on port 8080 (http) with context path ''
[2024-05-11 17:43:13,929][INFO ][org.springframework.boot.StartupInfoLogger][main][56]Started Application in 8.372 seconds (process running for 9.275)
[2024-05-11 17:43:13,938][INFO ][synrgy7thapmoch4.Application][main][15]info logging level
[2024-05-11 17:43:13,939][ERROR][synrgy7thapmoch4.Application][main][16]error logging level
[2024-05-11 17:43:13,940][WARN ][synrgy7thapmoch4.Application][main][17]warning logging level
[2024-05-11 17:43:13,940][ERROR][synrgy7thapmoch4.Application][main][20]Error processing request
[2024-05-11 17:43:17,573][INFO ][org.apache.juli.logging.DirectJDKLog][http-nio-8080-exec-1][173]Initializing Spring DispatcherServlet 'dispatcherServlet'
[2024-05-11 17:43:17,574][INFO ][org.springframework.web.servlet.FrameworkServlet][http-nio-8080-exec-1][532]Initializing Servlet 'dispatcherServlet'
[2024-05-11 17:43:17,575][INFO ][org.springframework.web.servlet.FrameworkServlet][http-nio-8080-exec-1][554]Completed initialization in 1 ms
[2024-05-11 17:43:17,788][INFO ][synrgy7thapmoch4.utils.Response][http-nio-8080-exec-1][17]Success response: User(id=f0107551-6a72-4bed-8232-7121190b4467, username=robin, email=robinbro@gmail.com, password=false)
[2024-05-11 17:43:51,384][INFO ][synrgy7thapmoch4.utils.Response][http-nio-8080-exec-3][17]Success response: [User(id=2801af54-3fba-438b-b6dc-507549c13b73, username=robin, email=null, password=null), User(id=049653c2-dde8-4041-ad76-005e51e915ce, username=robin, email=robinbro@gmail.com, password=false), User(id=f0107551-6a72-4bed-8232-7121190b4467, username=robin, email=robinbro@gmail.com, password=false)]
[2024-05-11 17:47:29,785][ERROR][synrgy7thapmoch4.utils.Response][http-nio-8080-exec-6][26]Error response: code=404, message=user not found.
[2024-05-11 17:48:38,217][INFO ][synrgy7thapmoch4.utils.Response][http-nio-8080-exec-9][17]Success response: User(id=2801af54-3fba-438b-b6dc-507549c13b73, username=robin, email=robinbro@gmail.com, password=null)
[2024-05-11 17:49:57,562][WARN ][org.springframework.web.servlet.handler.AbstractHandlerExceptionResolver][http-nio-8080-exec-1][247]Resolved [org.springframework.http.converter.HttpMessageNotReadableException: Required request body is missing: public org.springframework.http.ResponseEntity<java.util.Map> synrgy7thapmoch4.Controller.ProductController.saveproduct(synrgy7thapmoch4.Entity.Product)]
[2024-05-11 17:50:03,272][WARN ][synrgy7thapmoch4.utils.Response][http-nio-8080-exec-4][35]Null object detected.
[2024-05-11 17:50:03,272][ERROR][synrgy7thapmoch4.utils.Response][http-nio-8080-exec-4][26]Error response: code=402, message=Name is required.
[2024-05-11 17:50:24,456][INFO ][synrgy7thapmoch4.utils.Response][http-nio-8080-exec-5][17]Success response: Product(id=9007c213-2afd-4477-842f-f8e1ba776468, name=thamyis, price=0.0, merchant_id=null)
[2024-05-11 17:52:22,724][INFO ][synrgy7thapmoch4.utils.Response][http-nio-8080-exec-8][17]Success response: [Product(id=787c5ee9-200d-4337-88a0-315a4f178ca6, name=bakso, price=15000.0, merchant_id=null), Product(id=0c19b271-b03a-4e3a-b972-6e4b76ec0629, name=mie ayam, price=10000.0, merchant_id=null), Product(id=9007c213-2afd-4477-842f-f8e1ba776468, name=thamyis, price=0.0, merchant_id=null)]
[2024-05-11 17:53:40,512][ERROR][synrgy7thapmoch4.utils.Response][http-nio-8080-exec-2][26]Error response: code=402, message=Id is required.
[2024-05-11 17:53:46,336][INFO ][synrgy7thapmoch4.utils.Response][http-nio-8080-exec-1][17]Success response: [Product(id=787c5ee9-200d-4337-88a0-315a4f178ca6, name=bakso, price=15000.0, merchant_id=null), Product(id=0c19b271-b03a-4e3a-b972-6e4b76ec0629, name=mie ayam, price=10000.0, merchant_id=null), Product(id=9007c213-2afd-4477-842f-f8e1ba776468, name=thamyis, price=0.0, merchant_id=null)]
[2024-05-11 17:54:17,440][INFO ][synrgy7thapmoch4.utils.Response][http-nio-8080-exec-3][17]Success response: Product deleted successfully.
[2024-05-11 17:55:11,871][INFO ][synrgy7thapmoch4.utils.Response][http-nio-8080-exec-4][17]Success response: Product(id=0c19b271-b03a-4e3a-b972-6e4b76ec0629, name=mie ayam, price=10000.0, merchant_id=null)
[2024-05-11 17:55:24,606][INFO ][synrgy7thapmoch4.utils.Response][http-nio-8080-exec-5][17]Success response: Product(id=0c19b271-b03a-4e3a-b972-6e4b76ec0629, name=mie ayam, price=0.0, merchant_id=null)
[2024-05-11 17:55:34,061][INFO ][synrgy7thapmoch4.utils.Response][http-nio-8080-exec-6][17]Success response: Product(id=0c19b271-b03a-4e3a-b972-6e4b76ec0629, name=mie ayam, price=10000.0, merchant_id=null)
[2024-05-11 17:56:27,357][INFO ][synrgy7thapmoch4.utils.Response][http-nio-8080-exec-7][17]Success response: [Order(id=8c2dcc48-d7b3-4aee-9028-d84c6917d1d6, order_time=null, destination_address=null, user_id=null, completed=false), Order(id=50916e3a-6463-49df-86f3-bf2d3b505d4e, order_time=null, destination_address=null, user_id=null, completed=false), Order(id=20021502-c375-401b-b86d-a46d6474131c, order_time=2024-05-10 22:23:24.585884, destination_address=null, user_id=null, completed=false), Order(id=0cb5ee6e-c89e-4deb-9885-a5bdf5098ef9, order_time=2024-05-10 22:23:34.236821, destination_address=null, user_id=null, completed=false)]
[2024-05-11 17:59:45,949][INFO ][synrgy7thapmoch4.utils.Response][http-nio-8080-exec-10][17]Success response: Order(id=675dc21f-aeb1-48f5-acac-96d1ab4c9810, order_time=2024-05-11 17:59:45.9233, destination_address=null, user_id=null, completed=false)
[2024-05-11 18:00:27,432][INFO ][synrgy7thapmoch4.utils.Response][http-nio-8080-exec-2][17]Success response: [User(id=049653c2-dde8-4041-ad76-005e51e915ce, username=robin, email=robinbro@gmail.com, password=false), User(id=f0107551-6a72-4bed-8232-7121190b4467, username=robin, email=robinbro@gmail.com, password=false), User(id=2801af54-3fba-438b-b6dc-507549c13b73, username=robin, email=robinbro@gmail.com, password=null)]
[2024-05-11 18:00:42,804][WARN ][org.springframework.web.servlet.handler.AbstractHandlerExceptionResolver][http-nio-8080-exec-1][247]Resolved [org.springframework.http.converter.HttpMessageNotReadableException: JSON parse error: Cannot construct instance of `synrgy7thapmoch4.Entity.User` (although at least one Creator exists): no String-argument constructor/factory method to deserialize from String value ('049653c2-dde8-4041-ad76-005e51e915ce')]
[2024-05-11 18:00:48,769][WARN ][org.springframework.web.servlet.handler.AbstractHandlerExceptionResolver][http-nio-8080-exec-4][247]Resolved [org.springframework.http.converter.HttpMessageNotReadableException: JSON parse error: Cannot construct instance of `synrgy7thapmoch4.Entity.User` (although at least one Creator exists): no String-argument constructor/factory method to deserialize from String value ('049653c2-dde8-4041-ad76-005e51e915ce')]
[2024-05-11 18:01:11,764][WARN ][org.springframework.web.servlet.handler.AbstractHandlerExceptionResolver][http-nio-8080-exec-6][247]Resolved [org.springframework.http.converter.HttpMessageNotReadableException: JSON parse error: Cannot construct instance of `synrgy7thapmoch4.Entity.User` (although at least one Creator exists): no String-argument constructor/factory method to deserialize from String value ('049653c2-dde8-4041-ad76-005e51e915ce')]
[2024-05-11 18:03:57,249][INFO ][synrgy7thapmoch4.utils.Response][http-nio-8080-exec-8][17]Success response: Order(id=48b84cc2-a245-4025-bb16-3ccd34e0452d, order_time=2024-05-11 18:03:57.223733, destination_address=sampang, user_id=null, completed=false)
[2024-05-11 18:05:39,519][INFO ][synrgy7thapmoch4.utils.Response][http-nio-8080-exec-2][17]Success response: Order(id=f40d415e-2c01-40f4-afa4-9eb3a00ef4f6, order_time=2024-05-11 18:05:39.492805, destination_address=sampang, user_id=null, completed=true)
[2024-05-11 18:06:02,888][WARN ][org.springframework.web.servlet.handler.AbstractHandlerExceptionResolver][http-nio-8080-exec-1][247]Resolved [org.springframework.http.converter.HttpMessageNotReadableException: JSON parse error: Cannot coerce empty String ("") to `synrgy7thapmoch4.Entity.User` value (but could if coercion was enabled using `CoercionConfig`)]
[2024-05-11 18:06:29,651][WARN ][org.springframework.web.servlet.handler.AbstractHandlerExceptionResolver][http-nio-8080-exec-4][247]Resolved [org.springframework.http.converter.HttpMessageNotReadableException: JSON parse error: Unexpected character (',' (code 44)): expected a value]
[2024-05-11 18:06:41,620][INFO ][synrgy7thapmoch4.utils.Response][http-nio-8080-exec-6][17]Success response: Order(id=047a5887-a37c-43ed-9b4e-55b8d3e7f78e, order_time=2024-05-11 18:06:41.595023, destination_address=sampang, user_id=null, completed=true)
[2024-05-11 18:07:17,874][WARN ][org.springframework.web.servlet.handler.AbstractHandlerExceptionResolver][http-nio-8080-exec-7][247]Resolved [org.springframework.http.converter.HttpMessageNotReadableException: JSON parse error: Cannot construct instance of `synrgy7thapmoch4.Entity.User` (although at least one Creator exists): no String-argument constructor/factory method to deserialize from String value ('2801af54-3fba-438b-b6dc-507549c13b73')]
[2024-05-11 18:07:28,376][WARN ][org.springframework.web.servlet.handler.AbstractHandlerExceptionResolver][http-nio-8080-exec-9][247]Resolved [org.springframework.http.converter.HttpMessageNotReadableException: JSON parse error: Cannot construct instance of `synrgy7thapmoch4.Entity.User` (although at least one Creator exists): no String-argument constructor/factory method to deserialize from String value ('2801af54-3fba-438b-b6dc-507549c13b73')]
[2024-05-11 18:11:21,187][WARN ][org.springframework.web.servlet.handler.AbstractHandlerExceptionResolver][http-nio-8080-exec-2][247]Resolved [org.springframework.http.converter.HttpMessageNotReadableException: JSON parse error: Cannot construct instance of `synrgy7thapmoch4.Entity.User` (although at least one Creator exists): no String-argument constructor/factory method to deserialize from String value ('2801af54-3fba-438b-b6dc-507549c13b73')]
[2024-05-11 18:12:01,487][INFO ][synrgy7thapmoch4.utils.Response][http-nio-8080-exec-3][17]Success response: Page 1 of 0 containing UNKNOWN instances
[2024-05-11 18:12:27,785][INFO ][synrgy7thapmoch4.utils.Response][http-nio-8080-exec-4][17]Success response: Merchant(id=dc1ed1a1-711b-409e-9bbe-90c2a10692e6, name=robin, location=sampang, open=true)
[2024-05-11 18:12:33,606][INFO ][synrgy7thapmoch4.utils.Response][http-nio-8080-exec-5][17]Success response: Page 1 of 1 containing synrgy7thapmoch4.Entity.Merchant instances
[2024-05-11 18:12:49,605][WARN ][org.springframework.web.servlet.handler.AbstractHandlerExceptionResolver][http-nio-8080-exec-6][247]Resolved [org.springframework.http.converter.HttpMessageNotReadableException: JSON parse error: Cannot construct instance of `synrgy7thapmoch4.Entity.Merchant` (although at least one Creator exists): no String-argument constructor/factory method to deserialize from String value ('dc1ed1a1-711b-409e-9bbe-90c2a10692e6')]
[2024-05-11 18:14:36,686][WARN ][org.springframework.web.servlet.handler.AbstractHandlerExceptionResolver][http-nio-8080-exec-8][247]Resolved [org.springframework.http.converter.HttpMessageNotReadableException: JSON parse error: Cannot construct instance of `synrgy7thapmoch4.Entity.User` (although at least one Creator exists): no String-argument constructor/factory method to deserialize from String value ('2801af54-3fba-438b-b6dc-507549c13b73')]
[2024-05-11 18:16:09,149][WARN ][org.springframework.web.servlet.handler.AbstractHandlerExceptionResolver][http-nio-8080-exec-10][247]Resolved [org.springframework.http.converter.HttpMessageNotReadableException: JSON parse error: Cannot construct instance of `synrgy7thapmoch4.Entity.Merchant` (although at least one Creator exists): no String-argument constructor/factory method to deserialize from String value ('dc1ed1a1-711b-409e-9bbe-90c2a10692e6')]
[2024-05-11 18:17:29,406][INFO ][org.springframework.orm.jpa.AbstractEntityManagerFactoryBean][SpringApplicationShutdownHook][650]Closing JPA EntityManagerFactory for persistence unit 'default'
[2024-05-11 18:17:29,407][INFO ][com.zaxxer.hikari.HikariDataSource][SpringApplicationShutdownHook][350]HikariPool-1 - Shutdown initiated...
[2024-05-11 18:17:29,418][INFO ][com.zaxxer.hikari.HikariDataSource][SpringApplicationShutdownHook][352]HikariPool-1 - Shutdown completed.
