[2024-05-12 14:28:57,799][INFO ][org.springframework.boot.StartupInfoLogger][main][50]Starting Application using Java 21 with PID 4520 (C:\Users\canis\IdeaProjects\challange\24001114-synrgy7-tha-pmo-ch5\target\classes started by Lln_Sln_Scn in C:\Users\canis\IdeaProjects\challange\24001114-synrgy7-tha-pmo-ch5)
[2024-05-12 14:28:57,811][INFO ][org.springframework.boot.SpringApplication][main][654]No active profile set, falling back to 1 default profile: "default"
[2024-05-12 14:28:58,771][INFO ][org.springframework.data.repository.config.RepositoryConfigurationDelegate][main][143]Bootstrapping Spring Data JPA repositories in DEFAULT mode.
[2024-05-12 14:28:58,904][INFO ][org.springframework.data.repository.config.RepositoryConfigurationDelegate][main][211]Finished Spring Data repository scanning in 121 ms. Found 5 JPA repository interfaces.
[2024-05-12 14:28:59,602][INFO ][org.springframework.boot.web.embedded.tomcat.TomcatWebServer][main][109]Tomcat initialized with port 8080 (http)
[2024-05-12 14:28:59,616][INFO ][org.apache.juli.logging.DirectJDKLog][main][173]Initializing ProtocolHandler ["http-nio-8080"]
[2024-05-12 14:28:59,619][INFO ][org.apache.juli.logging.DirectJDKLog][main][173]Starting service [Tomcat]
[2024-05-12 14:28:59,619][INFO ][org.apache.juli.logging.DirectJDKLog][main][173]Starting Servlet engine: [Apache Tomcat/10.1.20]
[2024-05-12 14:28:59,713][INFO ][org.apache.juli.logging.DirectJDKLog][main][173]Initializing Spring embedded WebApplicationContext
[2024-05-12 14:28:59,714][INFO ][org.springframework.boot.web.servlet.context.ServletWebServerApplicationContext][main][296]Root WebApplicationContext: initialization completed in 1830 ms
[2024-05-12 14:29:00,056][INFO ][org.hibernate.jpa.internal.util.LogHelper][main][31]HHH000204: Processing PersistenceUnitInfo [name: default]
[2024-05-12 14:29:00,173][INFO ][org.hibernate.Version][main][44]HHH000412: Hibernate ORM core version 6.4.4.Final
[2024-05-12 14:29:00,219][INFO ][org.hibernate.cache.internal.RegionFactoryInitiator][main][50]HHH000026: Second-level cache disabled
[2024-05-12 14:29:00,501][INFO ][org.springframework.orm.jpa.persistenceunit.SpringPersistenceUnitInfo][main][87]No LoadTimeWeaver setup: ignoring JPA class transformer
[2024-05-12 14:29:00,540][INFO ][com.zaxxer.hikari.HikariDataSource][main][110]HikariPool-1 - Starting...
[2024-05-12 14:29:00,874][INFO ][com.zaxxer.hikari.pool.HikariPool][main][565]HikariPool-1 - Added connection org.postgresql.jdbc.PgConnection@141aba65
[2024-05-12 14:29:00,876][INFO ][com.zaxxer.hikari.HikariDataSource][main][123]HikariPool-1 - Start completed.
[2024-05-12 14:29:02,085][INFO ][org.hibernate.engine.transaction.jta.platform.internal.JtaPlatformInitiator][main][58]HHH000489: No JTA platform available (set 'hibernate.transaction.jta.platform' to enable JTA platform integration)
[2024-05-12 14:29:02,276][INFO ][org.springframework.orm.jpa.AbstractEntityManagerFactoryBean][main][437]Initialized JPA EntityManagerFactory for persistence unit 'default'
[2024-05-12 14:29:02,602][INFO ][org.springframework.data.jpa.repository.query.QueryEnhancerFactory][main][49]Hibernate is in classpath; If applicable, HQL parser will be used.
[2024-05-12 14:29:03,441][WARN ][org.springframework.boot.autoconfigure.orm.jpa.JpaBaseConfiguration$JpaWebConfiguration][main][232]spring.jpa.open-in-view is enabled by default. Therefore, database queries may be performed during view rendering. Explicitly configure spring.jpa.open-in-view to disable this warning
[2024-05-12 14:29:03,915][INFO ][org.apache.juli.logging.DirectJDKLog][main][173]Starting ProtocolHandler ["http-nio-8080"]
[2024-05-12 14:29:03,942][INFO ][org.springframework.boot.web.embedded.tomcat.TomcatWebServer][main][241]Tomcat started on port 8080 (http) with context path ''
[2024-05-12 14:29:03,954][INFO ][org.springframework.boot.StartupInfoLogger][main][56]Started Application in 6.801 seconds (process running for 7.445)
[2024-05-12 14:29:03,962][INFO ][synrgy7thapmoch4.Application][main][15]info logging level
[2024-05-12 14:29:03,963][ERROR][synrgy7thapmoch4.Application][main][16]error logging level
[2024-05-12 14:29:03,964][WARN ][synrgy7thapmoch4.Application][main][17]warning logging level
[2024-05-12 14:29:03,964][ERROR][synrgy7thapmoch4.Application][main][20]Error processing request
[2024-05-12 14:29:06,345][INFO ][org.apache.juli.logging.DirectJDKLog][http-nio-8080-exec-1][173]Initializing Spring DispatcherServlet 'dispatcherServlet'
[2024-05-12 14:29:06,345][INFO ][org.springframework.web.servlet.FrameworkServlet][http-nio-8080-exec-1][532]Initializing Servlet 'dispatcherServlet'
[2024-05-12 14:29:06,346][INFO ][org.springframework.web.servlet.FrameworkServlet][http-nio-8080-exec-1][554]Completed initialization in 1 ms
[2024-05-12 14:29:06,450][WARN ][org.springframework.web.servlet.handler.AbstractHandlerExceptionResolver][http-nio-8080-exec-1][247]Resolved [org.springframework.http.converter.HttpMessageNotReadableException: JSON parse error: Cannot construct instance of `synrgy7thapmoch4.Entity.Merchant` (although at least one Creator exists): no String-argument constructor/factory method to deserialize from String value ('dc1ed1a1-711b-409e-9bbe-90c2a10692e6')]
[2024-05-12 14:29:27,735][ERROR][org.apache.juli.logging.DirectJDKLog][http-nio-8080-exec-4][175]Servlet.service() for servlet [dispatcherServlet] in context with path [] threw exception [Request processing failed: org.springframework.dao.InvalidDataAccessApiUsageException: detached entity passed to persist: synrgy7thapmoch4.Entity.Merchant] with root cause
org.hibernate.PersistentObjectException: detached entity passed to persist: synrgy7thapmoch4.Entity.Merchant
	at org.hibernate.event.internal.DefaultPersistEventListener.persist(DefaultPersistEventListener.java:88)
	at org.hibernate.event.internal.DefaultPersistEventListener.onPersist(DefaultPersistEventListener.java:77)
	at org.hibernate.event.service.internal.EventListenerGroupImpl.fireEventOnEachListener(EventListenerGroupImpl.java:138)
	at org.hibernate.internal.SessionImpl.firePersist(SessionImpl.java:796)
	at org.hibernate.internal.SessionImpl.persist(SessionImpl.java:744)
	at org.hibernate.engine.spi.CascadingActions$7.cascade(CascadingActions.java:290)
	at org.hibernate.engine.spi.CascadingActions$7.cascade(CascadingActions.java:280)
	at org.hibernate.engine.internal.Cascade.cascadeToOne(Cascade.java:517)
	at org.hibernate.engine.internal.Cascade.cascadeAssociation(Cascade.java:439)
	at org.hibernate.engine.internal.Cascade.cascadeProperty(Cascade.java:224)
	at org.hibernate.engine.internal.Cascade.cascade(Cascade.java:157)
	at org.hibernate.event.internal.AbstractSaveEventListener.cascadeBeforeSave(AbstractSaveEventListener.java:482)
	at org.hibernate.event.internal.AbstractSaveEventListener.performSaveOrReplicate(AbstractSaveEventListener.java:298)
	at org.hibernate.event.internal.AbstractSaveEventListener.performSave(AbstractSaveEventListener.java:219)
	at org.hibernate.event.internal.AbstractSaveEventListener.saveWithGeneratedId(AbstractSaveEventListener.java:134)
	at org.hibernate.event.internal.DefaultPersistEventListener.entityIsTransient(DefaultPersistEventListener.java:175)
	at org.hibernate.event.internal.DefaultPersistEventListener.persist(DefaultPersistEventListener.java:93)
	at org.hibernate.event.internal.DefaultPersistEventListener.onPersist(DefaultPersistEventListener.java:77)
	at org.hibernate.event.internal.DefaultPersistEventListener.onPersist(DefaultPersistEventListener.java:54)
	at org.hibernate.event.service.internal.EventListenerGroupImpl.fireEventOnEachListener(EventListenerGroupImpl.java:127)
	at org.hibernate.internal.SessionImpl.firePersist(SessionImpl.java:754)
	at org.hibernate.internal.SessionImpl.persist(SessionImpl.java:738)
	at java.base/jdk.internal.reflect.DirectMethodHandleAccessor.invoke(DirectMethodHandleAccessor.java:103)
	at java.base/java.lang.reflect.Method.invoke(Method.java:580)
	at org.springframework.orm.jpa.ExtendedEntityManagerCreator$ExtendedEntityManagerInvocationHandler.invoke(ExtendedEntityManagerCreator.java:364)
	at jdk.proxy2/jdk.proxy2.$Proxy129.persist(Unknown Source)
	at java.base/jdk.internal.reflect.DirectMethodHandleAccessor.invoke(DirectMethodHandleAccessor.java:103)
	at java.base/java.lang.reflect.Method.invoke(Method.java:580)
	at org.springframework.orm.jpa.SharedEntityManagerCreator$SharedEntityManagerInvocationHandler.invoke(SharedEntityManagerCreator.java:319)
	at jdk.proxy2/jdk.proxy2.$Proxy129.persist(Unknown Source)
	at org.springframework.data.jpa.repository.support.SimpleJpaRepository.save(SimpleJpaRepository.java:618)
	at java.base/jdk.internal.reflect.DirectMethodHandleAccessor.invoke(DirectMethodHandleAccessor.java:103)
	at java.base/java.lang.reflect.Method.invoke(Method.java:580)
	at org.springframework.aop.support.AopUtils.invokeJoinpointUsingReflection(AopUtils.java:354)
	at org.springframework.data.repository.core.support.RepositoryMethodInvoker$RepositoryFragmentMethodInvoker.lambda$new$0(RepositoryMethodInvoker.java:277)
	at org.springframework.data.repository.core.support.RepositoryMethodInvoker.doInvoke(RepositoryMethodInvoker.java:170)
	at org.springframework.data.repository.core.support.RepositoryMethodInvoker.invoke(RepositoryMethodInvoker.java:158)
	at org.springframework.data.repository.core.support.RepositoryComposition$RepositoryFragments.invoke(RepositoryComposition.java:516)
	at org.springframework.data.repository.core.support.RepositoryComposition.invoke(RepositoryComposition.java:285)
	at org.springframework.data.repository.core.support.RepositoryFactorySupport$ImplementationMethodExecutionInterceptor.invoke(RepositoryFactorySupport.java:628)
	at org.springframework.aop.framework.ReflectiveMethodInvocation.proceed(ReflectiveMethodInvocation.java:184)
	at org.springframework.data.repository.core.support.QueryExecutorMethodInterceptor.doInvoke(QueryExecutorMethodInterceptor.java:168)
	at org.springframework.data.repository.core.support.QueryExecutorMethodInterceptor.invoke(QueryExecutorMethodInterceptor.java:143)
	at org.springframework.aop.framework.ReflectiveMethodInvocation.proceed(ReflectiveMethodInvocation.java:184)
	at org.springframework.data.projection.DefaultMethodInvokingMethodInterceptor.invoke(DefaultMethodInvokingMethodInterceptor.java:70)
	at org.springframework.aop.framework.ReflectiveMethodInvocation.proceed(ReflectiveMethodInvocation.java:184)
	at org.springframework.transaction.interceptor.TransactionInterceptor$1.proceedWithInvocation(TransactionInterceptor.java:123)
	at org.springframework.transaction.interceptor.TransactionAspectSupport.invokeWithinTransaction(TransactionAspectSupport.java:392)
	at org.springframework.transaction.interceptor.TransactionInterceptor.invoke(TransactionInterceptor.java:119)
	at org.springframework.aop.framework.ReflectiveMethodInvocation.proceed(ReflectiveMethodInvocation.java:184)
	at org.springframework.dao.support.PersistenceExceptionTranslationInterceptor.invoke(PersistenceExceptionTranslationInterceptor.java:137)
	at org.springframework.aop.framework.ReflectiveMethodInvocation.proceed(ReflectiveMethodInvocation.java:184)
	at org.springframework.data.jpa.repository.support.CrudMethodMetadataPostProcessor$CrudMethodMetadataPopulatingMethodInterceptor.invoke(CrudMethodMetadataPostProcessor.java:164)
	at org.springframework.aop.framework.ReflectiveMethodInvocation.proceed(ReflectiveMethodInvocation.java:184)
	at org.springframework.aop.interceptor.ExposeInvocationInterceptor.invoke(ExposeInvocationInterceptor.java:97)
	at org.springframework.aop.framework.ReflectiveMethodInvocation.proceed(ReflectiveMethodInvocation.java:184)
	at org.springframework.aop.framework.JdkDynamicAopProxy.invoke(JdkDynamicAopProxy.java:223)
	at jdk.proxy2/jdk.proxy2.$Proxy139.save(Unknown Source)
	at synrgy7thapmoch4.Services.impl.ProductServiceImpl.save(ProductServiceImpl.java:35)
	at synrgy7thapmoch4.Controller.ProductController.saveproduct(ProductController.java:22)
	at java.base/jdk.internal.reflect.DirectMethodHandleAccessor.invoke(DirectMethodHandleAccessor.java:103)
	at java.base/java.lang.reflect.Method.invoke(Method.java:580)
	at org.springframework.web.method.support.InvocableHandlerMethod.doInvoke(InvocableHandlerMethod.java:255)
	at org.springframework.web.method.support.InvocableHandlerMethod.invokeForRequest(InvocableHandlerMethod.java:188)
	at org.springframework.web.servlet.mvc.method.annotation.ServletInvocableHandlerMethod.invokeAndHandle(ServletInvocableHandlerMethod.java:118)
	at org.springframework.web.servlet.mvc.method.annotation.RequestMappingHandlerAdapter.invokeHandlerMethod(RequestMappingHandlerAdapter.java:926)
	at org.springframework.web.servlet.mvc.method.annotation.RequestMappingHandlerAdapter.handleInternal(RequestMappingHandlerAdapter.java:831)
	at org.springframework.web.servlet.mvc.method.AbstractHandlerMethodAdapter.handle(AbstractHandlerMethodAdapter.java:87)
	at org.springframework.web.servlet.DispatcherServlet.doDispatch(DispatcherServlet.java:1089)
	at org.springframework.web.servlet.DispatcherServlet.doService(DispatcherServlet.java:979)
	at org.springframework.web.servlet.FrameworkServlet.processRequest(FrameworkServlet.java:1014)
	at org.springframework.web.servlet.FrameworkServlet.doPost(FrameworkServlet.java:914)
	at jakarta.servlet.http.HttpServlet.service(HttpServlet.java:590)
	at org.springframework.web.servlet.FrameworkServlet.service(FrameworkServlet.java:885)
	at jakarta.servlet.http.HttpServlet.service(HttpServlet.java:658)
	at org.apache.catalina.core.ApplicationFilterChain.internalDoFilter(ApplicationFilterChain.java:206)
	at org.apache.catalina.core.ApplicationFilterChain.doFilter(ApplicationFilterChain.java:150)
	at org.apache.tomcat.websocket.server.WsFilter.doFilter(WsFilter.java:51)
	at org.apache.catalina.core.ApplicationFilterChain.internalDoFilter(ApplicationFilterChain.java:175)
	at org.apache.catalina.core.ApplicationFilterChain.doFilter(ApplicationFilterChain.java:150)
	at org.springframework.web.filter.RequestContextFilter.doFilterInternal(RequestContextFilter.java:100)
	at org.springframework.web.filter.OncePerRequestFilter.doFilter(OncePerRequestFilter.java:116)
	at org.apache.catalina.core.ApplicationFilterChain.internalDoFilter(ApplicationFilterChain.java:175)
	at org.apache.catalina.core.ApplicationFilterChain.doFilter(ApplicationFilterChain.java:150)
	at org.springframework.web.filter.FormContentFilter.doFilterInternal(FormContentFilter.java:93)
	at org.springframework.web.filter.OncePerRequestFilter.doFilter(OncePerRequestFilter.java:116)
	at org.apache.catalina.core.ApplicationFilterChain.internalDoFilter(ApplicationFilterChain.java:175)
	at org.apache.catalina.core.ApplicationFilterChain.doFilter(ApplicationFilterChain.java:150)
	at org.springframework.web.filter.CharacterEncodingFilter.doFilterInternal(CharacterEncodingFilter.java:201)
	at org.springframework.web.filter.OncePerRequestFilter.doFilter(OncePerRequestFilter.java:116)
	at org.apache.catalina.core.ApplicationFilterChain.internalDoFilter(ApplicationFilterChain.java:175)
	at org.apache.catalina.core.ApplicationFilterChain.doFilter(ApplicationFilterChain.java:150)
	at org.apache.catalina.core.StandardWrapperValve.invoke(StandardWrapperValve.java:167)
	at org.apache.catalina.core.StandardContextValve.invoke(StandardContextValve.java:90)
	at org.apache.catalina.authenticator.AuthenticatorBase.invoke(AuthenticatorBase.java:482)
	at org.apache.catalina.core.StandardHostValve.invoke(StandardHostValve.java:115)
	at org.apache.catalina.valves.ErrorReportValve.invoke(ErrorReportValve.java:93)
	at org.apache.catalina.core.StandardEngineValve.invoke(StandardEngineValve.java:74)
	at org.apache.catalina.connector.CoyoteAdapter.service(CoyoteAdapter.java:344)
	at org.apache.coyote.http11.Http11Processor.service(Http11Processor.java:391)
	at org.apache.coyote.AbstractProcessorLight.process(AbstractProcessorLight.java:63)
	at org.apache.coyote.AbstractProtocol$ConnectionHandler.process(AbstractProtocol.java:896)
	at org.apache.tomcat.util.net.NioEndpoint$SocketProcessor.doRun(NioEndpoint.java:1736)
	at org.apache.tomcat.util.net.SocketProcessorBase.run(SocketProcessorBase.java:52)
	at org.apache.tomcat.util.threads.ThreadPoolExecutor.runWorker(ThreadPoolExecutor.java:1191)
	at org.apache.tomcat.util.threads.ThreadPoolExecutor$Worker.run(ThreadPoolExecutor.java:659)
	at org.apache.tomcat.util.threads.TaskThread$WrappingRunnable.run(TaskThread.java:63)
	at java.base/java.lang.Thread.run(Thread.java:1583)
[2024-05-12 14:30:23,512][WARN ][org.springframework.web.servlet.handler.AbstractHandlerExceptionResolver][http-nio-8080-exec-6][247]Resolved [org.springframework.http.converter.HttpMessageNotReadableException: JSON parse error: Cannot construct instance of `synrgy7thapmoch4.Entity.User` (although at least one Creator exists): no String-argument constructor/factory method to deserialize from String value ('2801af54-3fba-438b-b6dc-507549c13b73')]
[2024-05-12 14:30:54,651][ERROR][synrgy7thapmoch4.utils.Response][http-nio-8080-exec-8][26]Error response: code=500, message=detached entity passed to persist: synrgy7thapmoch4.Entity.User
[2024-05-12 14:31:00,273][ERROR][org.apache.juli.logging.DirectJDKLog][http-nio-8080-exec-9][175]Servlet.service() for servlet [dispatcherServlet] in context with path [] threw exception [Request processing failed: org.springframework.dao.InvalidDataAccessApiUsageException: detached entity passed to persist: synrgy7thapmoch4.Entity.Merchant] with root cause
org.hibernate.PersistentObjectException: detached entity passed to persist: synrgy7thapmoch4.Entity.Merchant
	at org.hibernate.event.internal.DefaultPersistEventListener.persist(DefaultPersistEventListener.java:88)
	at org.hibernate.event.internal.DefaultPersistEventListener.onPersist(DefaultPersistEventListener.java:77)
	at org.hibernate.event.service.internal.EventListenerGroupImpl.fireEventOnEachListener(EventListenerGroupImpl.java:138)
	at org.hibernate.internal.SessionImpl.firePersist(SessionImpl.java:796)
	at org.hibernate.internal.SessionImpl.persist(SessionImpl.java:744)
	at org.hibernate.engine.spi.CascadingActions$7.cascade(CascadingActions.java:290)
	at org.hibernate.engine.spi.CascadingActions$7.cascade(CascadingActions.java:280)
	at org.hibernate.engine.internal.Cascade.cascadeToOne(Cascade.java:517)
	at org.hibernate.engine.internal.Cascade.cascadeAssociation(Cascade.java:439)
	at org.hibernate.engine.internal.Cascade.cascadeProperty(Cascade.java:224)
	at org.hibernate.engine.internal.Cascade.cascade(Cascade.java:157)
	at org.hibernate.event.internal.AbstractSaveEventListener.cascadeBeforeSave(AbstractSaveEventListener.java:482)
	at org.hibernate.event.internal.AbstractSaveEventListener.performSaveOrReplicate(AbstractSaveEventListener.java:298)
	at org.hibernate.event.internal.AbstractSaveEventListener.performSave(AbstractSaveEventListener.java:219)
	at org.hibernate.event.internal.AbstractSaveEventListener.saveWithGeneratedId(AbstractSaveEventListener.java:134)
	at org.hibernate.event.internal.DefaultPersistEventListener.entityIsTransient(DefaultPersistEventListener.java:175)
	at org.hibernate.event.internal.DefaultPersistEventListener.persist(DefaultPersistEventListener.java:93)
	at org.hibernate.event.internal.DefaultPersistEventListener.onPersist(DefaultPersistEventListener.java:77)
	at org.hibernate.event.internal.DefaultPersistEventListener.onPersist(DefaultPersistEventListener.java:54)
	at org.hibernate.event.service.internal.EventListenerGroupImpl.fireEventOnEachListener(EventListenerGroupImpl.java:127)
	at org.hibernate.internal.SessionImpl.firePersist(SessionImpl.java:754)
	at org.hibernate.internal.SessionImpl.persist(SessionImpl.java:738)
	at java.base/jdk.internal.reflect.DirectMethodHandleAccessor.invoke(DirectMethodHandleAccessor.java:103)
	at java.base/java.lang.reflect.Method.invoke(Method.java:580)
	at org.springframework.orm.jpa.ExtendedEntityManagerCreator$ExtendedEntityManagerInvocationHandler.invoke(ExtendedEntityManagerCreator.java:364)
	at jdk.proxy2/jdk.proxy2.$Proxy129.persist(Unknown Source)
	at java.base/jdk.internal.reflect.DirectMethodHandleAccessor.invoke(DirectMethodHandleAccessor.java:103)
	at java.base/java.lang.reflect.Method.invoke(Method.java:580)
	at org.springframework.orm.jpa.SharedEntityManagerCreator$SharedEntityManagerInvocationHandler.invoke(SharedEntityManagerCreator.java:319)
	at jdk.proxy2/jdk.proxy2.$Proxy129.persist(Unknown Source)
	at org.springframework.data.jpa.repository.support.SimpleJpaRepository.save(SimpleJpaRepository.java:618)
	at java.base/jdk.internal.reflect.DirectMethodHandleAccessor.invoke(DirectMethodHandleAccessor.java:103)
	at java.base/java.lang.reflect.Method.invoke(Method.java:580)
	at org.springframework.aop.support.AopUtils.invokeJoinpointUsingReflection(AopUtils.java:354)
	at org.springframework.data.repository.core.support.RepositoryMethodInvoker$RepositoryFragmentMethodInvoker.lambda$new$0(RepositoryMethodInvoker.java:277)
	at org.springframework.data.repository.core.support.RepositoryMethodInvoker.doInvoke(RepositoryMethodInvoker.java:170)
	at org.springframework.data.repository.core.support.RepositoryMethodInvoker.invoke(RepositoryMethodInvoker.java:158)
	at org.springframework.data.repository.core.support.RepositoryComposition$RepositoryFragments.invoke(RepositoryComposition.java:516)
	at org.springframework.data.repository.core.support.RepositoryComposition.invoke(RepositoryComposition.java:285)
	at org.springframework.data.repository.core.support.RepositoryFactorySupport$ImplementationMethodExecutionInterceptor.invoke(RepositoryFactorySupport.java:628)
	at org.springframework.aop.framework.ReflectiveMethodInvocation.proceed(ReflectiveMethodInvocation.java:184)
	at org.springframework.data.repository.core.support.QueryExecutorMethodInterceptor.doInvoke(QueryExecutorMethodInterceptor.java:168)
	at org.springframework.data.repository.core.support.QueryExecutorMethodInterceptor.invoke(QueryExecutorMethodInterceptor.java:143)
	at org.springframework.aop.framework.ReflectiveMethodInvocation.proceed(ReflectiveMethodInvocation.java:184)
	at org.springframework.data.projection.DefaultMethodInvokingMethodInterceptor.invoke(DefaultMethodInvokingMethodInterceptor.java:70)
	at org.springframework.aop.framework.ReflectiveMethodInvocation.proceed(ReflectiveMethodInvocation.java:184)
	at org.springframework.transaction.interceptor.TransactionInterceptor$1.proceedWithInvocation(TransactionInterceptor.java:123)
	at org.springframework.transaction.interceptor.TransactionAspectSupport.invokeWithinTransaction(TransactionAspectSupport.java:392)
	at org.springframework.transaction.interceptor.TransactionInterceptor.invoke(TransactionInterceptor.java:119)
	at org.springframework.aop.framework.ReflectiveMethodInvocation.proceed(ReflectiveMethodInvocation.java:184)
	at org.springframework.dao.support.PersistenceExceptionTranslationInterceptor.invoke(PersistenceExceptionTranslationInterceptor.java:137)
	at org.springframework.aop.framework.ReflectiveMethodInvocation.proceed(ReflectiveMethodInvocation.java:184)
	at org.springframework.data.jpa.repository.support.CrudMethodMetadataPostProcessor$CrudMethodMetadataPopulatingMethodInterceptor.invoke(CrudMethodMetadataPostProcessor.java:164)
	at org.springframework.aop.framework.ReflectiveMethodInvocation.proceed(ReflectiveMethodInvocation.java:184)
	at org.springframework.aop.interceptor.ExposeInvocationInterceptor.invoke(ExposeInvocationInterceptor.java:97)
	at org.springframework.aop.framework.ReflectiveMethodInvocation.proceed(ReflectiveMethodInvocation.java:184)
	at org.springframework.aop.framework.JdkDynamicAopProxy.invoke(JdkDynamicAopProxy.java:223)
	at jdk.proxy2/jdk.proxy2.$Proxy139.save(Unknown Source)
	at synrgy7thapmoch4.Services.impl.ProductServiceImpl.save(ProductServiceImpl.java:35)
	at synrgy7thapmoch4.Controller.ProductController.saveproduct(ProductController.java:22)
	at java.base/jdk.internal.reflect.DirectMethodHandleAccessor.invoke(DirectMethodHandleAccessor.java:103)
	at java.base/java.lang.reflect.Method.invoke(Method.java:580)
	at org.springframework.web.method.support.InvocableHandlerMethod.doInvoke(InvocableHandlerMethod.java:255)
	at org.springframework.web.method.support.InvocableHandlerMethod.invokeForRequest(InvocableHandlerMethod.java:188)
	at org.springframework.web.servlet.mvc.method.annotation.ServletInvocableHandlerMethod.invokeAndHandle(ServletInvocableHandlerMethod.java:118)
	at org.springframework.web.servlet.mvc.method.annotation.RequestMappingHandlerAdapter.invokeHandlerMethod(RequestMappingHandlerAdapter.java:926)
	at org.springframework.web.servlet.mvc.method.annotation.RequestMappingHandlerAdapter.handleInternal(RequestMappingHandlerAdapter.java:831)
	at org.springframework.web.servlet.mvc.method.AbstractHandlerMethodAdapter.handle(AbstractHandlerMethodAdapter.java:87)
	at org.springframework.web.servlet.DispatcherServlet.doDispatch(DispatcherServlet.java:1089)
	at org.springframework.web.servlet.DispatcherServlet.doService(DispatcherServlet.java:979)
	at org.springframework.web.servlet.FrameworkServlet.processRequest(FrameworkServlet.java:1014)
	at org.springframework.web.servlet.FrameworkServlet.doPost(FrameworkServlet.java:914)
	at jakarta.servlet.http.HttpServlet.service(HttpServlet.java:590)
	at org.springframework.web.servlet.FrameworkServlet.service(FrameworkServlet.java:885)
	at jakarta.servlet.http.HttpServlet.service(HttpServlet.java:658)
	at org.apache.catalina.core.ApplicationFilterChain.internalDoFilter(ApplicationFilterChain.java:206)
	at org.apache.catalina.core.ApplicationFilterChain.doFilter(ApplicationFilterChain.java:150)
	at org.apache.tomcat.websocket.server.WsFilter.doFilter(WsFilter.java:51)
	at org.apache.catalina.core.ApplicationFilterChain.internalDoFilter(ApplicationFilterChain.java:175)
	at org.apache.catalina.core.ApplicationFilterChain.doFilter(ApplicationFilterChain.java:150)
	at org.springframework.web.filter.RequestContextFilter.doFilterInternal(RequestContextFilter.java:100)
	at org.springframework.web.filter.OncePerRequestFilter.doFilter(OncePerRequestFilter.java:116)
	at org.apache.catalina.core.ApplicationFilterChain.internalDoFilter(ApplicationFilterChain.java:175)
	at org.apache.catalina.core.ApplicationFilterChain.doFilter(ApplicationFilterChain.java:150)
	at org.springframework.web.filter.FormContentFilter.doFilterInternal(FormContentFilter.java:93)
	at org.springframework.web.filter.OncePerRequestFilter.doFilter(OncePerRequestFilter.java:116)
	at org.apache.catalina.core.ApplicationFilterChain.internalDoFilter(ApplicationFilterChain.java:175)
	at org.apache.catalina.core.ApplicationFilterChain.doFilter(ApplicationFilterChain.java:150)
	at org.springframework.web.filter.CharacterEncodingFilter.doFilterInternal(CharacterEncodingFilter.java:201)
	at org.springframework.web.filter.OncePerRequestFilter.doFilter(OncePerRequestFilter.java:116)
	at org.apache.catalina.core.ApplicationFilterChain.internalDoFilter(ApplicationFilterChain.java:175)
	at org.apache.catalina.core.ApplicationFilterChain.doFilter(ApplicationFilterChain.java:150)
	at org.apache.catalina.core.StandardWrapperValve.invoke(StandardWrapperValve.java:167)
	at org.apache.catalina.core.StandardContextValve.invoke(StandardContextValve.java:90)
	at org.apache.catalina.authenticator.AuthenticatorBase.invoke(AuthenticatorBase.java:482)
	at org.apache.catalina.core.StandardHostValve.invoke(StandardHostValve.java:115)
	at org.apache.catalina.valves.ErrorReportValve.invoke(ErrorReportValve.java:93)
	at org.apache.catalina.core.StandardEngineValve.invoke(StandardEngineValve.java:74)
	at org.apache.catalina.connector.CoyoteAdapter.service(CoyoteAdapter.java:344)
	at org.apache.coyote.http11.Http11Processor.service(Http11Processor.java:391)
	at org.apache.coyote.AbstractProcessorLight.process(AbstractProcessorLight.java:63)
	at org.apache.coyote.AbstractProtocol$ConnectionHandler.process(AbstractProtocol.java:896)
	at org.apache.tomcat.util.net.NioEndpoint$SocketProcessor.doRun(NioEndpoint.java:1736)
	at org.apache.tomcat.util.net.SocketProcessorBase.run(SocketProcessorBase.java:52)
	at org.apache.tomcat.util.threads.ThreadPoolExecutor.runWorker(ThreadPoolExecutor.java:1191)
	at org.apache.tomcat.util.threads.ThreadPoolExecutor$Worker.run(ThreadPoolExecutor.java:659)
	at org.apache.tomcat.util.threads.TaskThread$WrappingRunnable.run(TaskThread.java:63)
	at java.base/java.lang.Thread.run(Thread.java:1583)
[2024-05-12 14:31:01,227][ERROR][org.apache.juli.logging.DirectJDKLog][http-nio-8080-exec-10][175]Servlet.service() for servlet [dispatcherServlet] in context with path [] threw exception [Request processing failed: org.springframework.dao.InvalidDataAccessApiUsageException: detached entity passed to persist: synrgy7thapmoch4.Entity.Merchant] with root cause
org.hibernate.PersistentObjectException: detached entity passed to persist: synrgy7thapmoch4.Entity.Merchant
	at org.hibernate.event.internal.DefaultPersistEventListener.persist(DefaultPersistEventListener.java:88)
	at org.hibernate.event.internal.DefaultPersistEventListener.onPersist(DefaultPersistEventListener.java:77)
	at org.hibernate.event.service.internal.EventListenerGroupImpl.fireEventOnEachListener(EventListenerGroupImpl.java:138)
	at org.hibernate.internal.SessionImpl.firePersist(SessionImpl.java:796)
	at org.hibernate.internal.SessionImpl.persist(SessionImpl.java:744)
	at org.hibernate.engine.spi.CascadingActions$7.cascade(CascadingActions.java:290)
	at org.hibernate.engine.spi.CascadingActions$7.cascade(CascadingActions.java:280)
	at org.hibernate.engine.internal.Cascade.cascadeToOne(Cascade.java:517)
	at org.hibernate.engine.internal.Cascade.cascadeAssociation(Cascade.java:439)
	at org.hibernate.engine.internal.Cascade.cascadeProperty(Cascade.java:224)
	at org.hibernate.engine.internal.Cascade.cascade(Cascade.java:157)
	at org.hibernate.event.internal.AbstractSaveEventListener.cascadeBeforeSave(AbstractSaveEventListener.java:482)
	at org.hibernate.event.internal.AbstractSaveEventListener.performSaveOrReplicate(AbstractSaveEventListener.java:298)
	at org.hibernate.event.internal.AbstractSaveEventListener.performSave(AbstractSaveEventListener.java:219)
	at org.hibernate.event.internal.AbstractSaveEventListener.saveWithGeneratedId(AbstractSaveEventListener.java:134)
	at org.hibernate.event.internal.DefaultPersistEventListener.entityIsTransient(DefaultPersistEventListener.java:175)
	at org.hibernate.event.internal.DefaultPersistEventListener.persist(DefaultPersistEventListener.java:93)
	at org.hibernate.event.internal.DefaultPersistEventListener.onPersist(DefaultPersistEventListener.java:77)
	at org.hibernate.event.internal.DefaultPersistEventListener.onPersist(DefaultPersistEventListener.java:54)
	at org.hibernate.event.service.internal.EventListenerGroupImpl.fireEventOnEachListener(EventListenerGroupImpl.java:127)
	at org.hibernate.internal.SessionImpl.firePersist(SessionImpl.java:754)
	at org.hibernate.internal.SessionImpl.persist(SessionImpl.java:738)
	at java.base/jdk.internal.reflect.DirectMethodHandleAccessor.invoke(DirectMethodHandleAccessor.java:103)
	at java.base/java.lang.reflect.Method.invoke(Method.java:580)
	at org.springframework.orm.jpa.ExtendedEntityManagerCreator$ExtendedEntityManagerInvocationHandler.invoke(ExtendedEntityManagerCreator.java:364)
	at jdk.proxy2/jdk.proxy2.$Proxy129.persist(Unknown Source)
	at java.base/jdk.internal.reflect.DirectMethodHandleAccessor.invoke(DirectMethodHandleAccessor.java:103)
	at java.base/java.lang.reflect.Method.invoke(Method.java:580)
	at org.springframework.orm.jpa.SharedEntityManagerCreator$SharedEntityManagerInvocationHandler.invoke(SharedEntityManagerCreator.java:319)
	at jdk.proxy2/jdk.proxy2.$Proxy129.persist(Unknown Source)
	at org.springframework.data.jpa.repository.support.SimpleJpaRepository.save(SimpleJpaRepository.java:618)
	at java.base/jdk.internal.reflect.DirectMethodHandleAccessor.invoke(DirectMethodHandleAccessor.java:103)
	at java.base/java.lang.reflect.Method.invoke(Method.java:580)
	at org.springframework.aop.support.AopUtils.invokeJoinpointUsingReflection(AopUtils.java:354)
	at org.springframework.data.repository.core.support.RepositoryMethodInvoker$RepositoryFragmentMethodInvoker.lambda$new$0(RepositoryMethodInvoker.java:277)
	at org.springframework.data.repository.core.support.RepositoryMethodInvoker.doInvoke(RepositoryMethodInvoker.java:170)
	at org.springframework.data.repository.core.support.RepositoryMethodInvoker.invoke(RepositoryMethodInvoker.java:158)
	at org.springframework.data.repository.core.support.RepositoryComposition$RepositoryFragments.invoke(RepositoryComposition.java:516)
	at org.springframework.data.repository.core.support.RepositoryComposition.invoke(RepositoryComposition.java:285)
	at org.springframework.data.repository.core.support.RepositoryFactorySupport$ImplementationMethodExecutionInterceptor.invoke(RepositoryFactorySupport.java:628)
	at org.springframework.aop.framework.ReflectiveMethodInvocation.proceed(ReflectiveMethodInvocation.java:184)
	at org.springframework.data.repository.core.support.QueryExecutorMethodInterceptor.doInvoke(QueryExecutorMethodInterceptor.java:168)
	at org.springframework.data.repository.core.support.QueryExecutorMethodInterceptor.invoke(QueryExecutorMethodInterceptor.java:143)
	at org.springframework.aop.framework.ReflectiveMethodInvocation.proceed(ReflectiveMethodInvocation.java:184)
	at org.springframework.data.projection.DefaultMethodInvokingMethodInterceptor.invoke(DefaultMethodInvokingMethodInterceptor.java:70)
	at org.springframework.aop.framework.ReflectiveMethodInvocation.proceed(ReflectiveMethodInvocation.java:184)
	at org.springframework.transaction.interceptor.TransactionInterceptor$1.proceedWithInvocation(TransactionInterceptor.java:123)
	at org.springframework.transaction.interceptor.TransactionAspectSupport.invokeWithinTransaction(TransactionAspectSupport.java:392)
	at org.springframework.transaction.interceptor.TransactionInterceptor.invoke(TransactionInterceptor.java:119)
	at org.springframework.aop.framework.ReflectiveMethodInvocation.proceed(ReflectiveMethodInvocation.java:184)
	at org.springframework.dao.support.PersistenceExceptionTranslationInterceptor.invoke(PersistenceExceptionTranslationInterceptor.java:137)
	at org.springframework.aop.framework.ReflectiveMethodInvocation.proceed(ReflectiveMethodInvocation.java:184)
	at org.springframework.data.jpa.repository.support.CrudMethodMetadataPostProcessor$CrudMethodMetadataPopulatingMethodInterceptor.invoke(CrudMethodMetadataPostProcessor.java:164)
	at org.springframework.aop.framework.ReflectiveMethodInvocation.proceed(ReflectiveMethodInvocation.java:184)
	at org.springframework.aop.interceptor.ExposeInvocationInterceptor.invoke(ExposeInvocationInterceptor.java:97)
	at org.springframework.aop.framework.ReflectiveMethodInvocation.proceed(ReflectiveMethodInvocation.java:184)
	at org.springframework.aop.framework.JdkDynamicAopProxy.invoke(JdkDynamicAopProxy.java:223)
	at jdk.proxy2/jdk.proxy2.$Proxy139.save(Unknown Source)
	at synrgy7thapmoch4.Services.impl.ProductServiceImpl.save(ProductServiceImpl.java:35)
	at synrgy7thapmoch4.Controller.ProductController.saveproduct(ProductController.java:22)
	at java.base/jdk.internal.reflect.DirectMethodHandleAccessor.invoke(DirectMethodHandleAccessor.java:103)
	at java.base/java.lang.reflect.Method.invoke(Method.java:580)
	at org.springframework.web.method.support.InvocableHandlerMethod.doInvoke(InvocableHandlerMethod.java:255)
	at org.springframework.web.method.support.InvocableHandlerMethod.invokeForRequest(InvocableHandlerMethod.java:188)
	at org.springframework.web.servlet.mvc.method.annotation.ServletInvocableHandlerMethod.invokeAndHandle(ServletInvocableHandlerMethod.java:118)
	at org.springframework.web.servlet.mvc.method.annotation.RequestMappingHandlerAdapter.invokeHandlerMethod(RequestMappingHandlerAdapter.java:926)
	at org.springframework.web.servlet.mvc.method.annotation.RequestMappingHandlerAdapter.handleInternal(RequestMappingHandlerAdapter.java:831)
	at org.springframework.web.servlet.mvc.method.AbstractHandlerMethodAdapter.handle(AbstractHandlerMethodAdapter.java:87)
	at org.springframework.web.servlet.DispatcherServlet.doDispatch(DispatcherServlet.java:1089)
	at org.springframework.web.servlet.DispatcherServlet.doService(DispatcherServlet.java:979)
	at org.springframework.web.servlet.FrameworkServlet.processRequest(FrameworkServlet.java:1014)
	at org.springframework.web.servlet.FrameworkServlet.doPost(FrameworkServlet.java:914)
	at jakarta.servlet.http.HttpServlet.service(HttpServlet.java:590)
	at org.springframework.web.servlet.FrameworkServlet.service(FrameworkServlet.java:885)
	at jakarta.servlet.http.HttpServlet.service(HttpServlet.java:658)
	at org.apache.catalina.core.ApplicationFilterChain.internalDoFilter(ApplicationFilterChain.java:206)
	at org.apache.catalina.core.ApplicationFilterChain.doFilter(ApplicationFilterChain.java:150)
	at org.apache.tomcat.websocket.server.WsFilter.doFilter(WsFilter.java:51)
	at org.apache.catalina.core.ApplicationFilterChain.internalDoFilter(ApplicationFilterChain.java:175)
	at org.apache.catalina.core.ApplicationFilterChain.doFilter(ApplicationFilterChain.java:150)
	at org.springframework.web.filter.RequestContextFilter.doFilterInternal(RequestContextFilter.java:100)
	at org.springframework.web.filter.OncePerRequestFilter.doFilter(OncePerRequestFilter.java:116)
	at org.apache.catalina.core.ApplicationFilterChain.internalDoFilter(ApplicationFilterChain.java:175)
	at org.apache.catalina.core.ApplicationFilterChain.doFilter(ApplicationFilterChain.java:150)
	at org.springframework.web.filter.FormContentFilter.doFilterInternal(FormContentFilter.java:93)
	at org.springframework.web.filter.OncePerRequestFilter.doFilter(OncePerRequestFilter.java:116)
	at org.apache.catalina.core.ApplicationFilterChain.internalDoFilter(ApplicationFilterChain.java:175)
	at org.apache.catalina.core.ApplicationFilterChain.doFilter(ApplicationFilterChain.java:150)
	at org.springframework.web.filter.CharacterEncodingFilter.doFilterInternal(CharacterEncodingFilter.java:201)
	at org.springframework.web.filter.OncePerRequestFilter.doFilter(OncePerRequestFilter.java:116)
	at org.apache.catalina.core.ApplicationFilterChain.internalDoFilter(ApplicationFilterChain.java:175)
	at org.apache.catalina.core.ApplicationFilterChain.doFilter(ApplicationFilterChain.java:150)
	at org.apache.catalina.core.StandardWrapperValve.invoke(StandardWrapperValve.java:167)
	at org.apache.catalina.core.StandardContextValve.invoke(StandardContextValve.java:90)
	at org.apache.catalina.authenticator.AuthenticatorBase.invoke(AuthenticatorBase.java:482)
	at org.apache.catalina.core.StandardHostValve.invoke(StandardHostValve.java:115)
	at org.apache.catalina.valves.ErrorReportValve.invoke(ErrorReportValve.java:93)
	at org.apache.catalina.core.StandardEngineValve.invoke(StandardEngineValve.java:74)
	at org.apache.catalina.connector.CoyoteAdapter.service(CoyoteAdapter.java:344)
	at org.apache.coyote.http11.Http11Processor.service(Http11Processor.java:391)
	at org.apache.coyote.AbstractProcessorLight.process(AbstractProcessorLight.java:63)
	at org.apache.coyote.AbstractProtocol$ConnectionHandler.process(AbstractProtocol.java:896)
	at org.apache.tomcat.util.net.NioEndpoint$SocketProcessor.doRun(NioEndpoint.java:1736)
	at org.apache.tomcat.util.net.SocketProcessorBase.run(SocketProcessorBase.java:52)
	at org.apache.tomcat.util.threads.ThreadPoolExecutor.runWorker(ThreadPoolExecutor.java:1191)
	at org.apache.tomcat.util.threads.ThreadPoolExecutor$Worker.run(ThreadPoolExecutor.java:659)
	at org.apache.tomcat.util.threads.TaskThread$WrappingRunnable.run(TaskThread.java:63)
	at java.base/java.lang.Thread.run(Thread.java:1583)
[2024-05-12 14:31:09,588][ERROR][synrgy7thapmoch4.utils.Response][http-nio-8080-exec-3][26]Error response: code=500, message=detached entity passed to persist: synrgy7thapmoch4.Entity.User
[2024-05-12 14:31:33,391][ERROR][synrgy7thapmoch4.utils.Response][http-nio-8080-exec-4][26]Error response: code=500, message=detached entity passed to persist: synrgy7thapmoch4.Entity.User
[2024-05-12 14:31:55,639][ERROR][synrgy7thapmoch4.utils.Response][http-nio-8080-exec-5][26]Error response: code=500, message=detached entity passed to persist: synrgy7thapmoch4.Entity.User
[2024-05-12 14:39:08,068][INFO ][org.springframework.orm.jpa.AbstractEntityManagerFactoryBean][SpringApplicationShutdownHook][650]Closing JPA EntityManagerFactory for persistence unit 'default'
[2024-05-12 14:39:08,070][INFO ][com.zaxxer.hikari.HikariDataSource][SpringApplicationShutdownHook][350]HikariPool-1 - Shutdown initiated...
[2024-05-12 14:39:08,074][INFO ][com.zaxxer.hikari.HikariDataSource][SpringApplicationShutdownHook][352]HikariPool-1 - Shutdown completed.
[2024-05-12 14:39:12,538][INFO ][org.springframework.boot.StartupInfoLogger][main][50]Starting Application using Java 21 with PID 3732 (C:\Users\canis\IdeaProjects\challange\24001114-synrgy7-tha-pmo-ch5\target\classes started by Lln_Sln_Scn in C:\Users\canis\IdeaProjects\challange\24001114-synrgy7-tha-pmo-ch5)
[2024-05-12 14:39:12,541][INFO ][org.springframework.boot.SpringApplication][main][654]No active profile set, falling back to 1 default profile: "default"
[2024-05-12 14:39:13,316][INFO ][org.springframework.data.repository.config.RepositoryConfigurationDelegate][main][143]Bootstrapping Spring Data JPA repositories in DEFAULT mode.
[2024-05-12 14:39:13,422][INFO ][org.springframework.data.repository.config.RepositoryConfigurationDelegate][main][211]Finished Spring Data repository scanning in 98 ms. Found 5 JPA repository interfaces.
[2024-05-12 14:39:14,091][INFO ][org.springframework.boot.web.embedded.tomcat.TomcatWebServer][main][109]Tomcat initialized with port 8080 (http)
[2024-05-12 14:39:14,104][INFO ][org.apache.juli.logging.DirectJDKLog][main][173]Initializing ProtocolHandler ["http-nio-8080"]
[2024-05-12 14:39:14,107][INFO ][org.apache.juli.logging.DirectJDKLog][main][173]Starting service [Tomcat]
[2024-05-12 14:39:14,107][INFO ][org.apache.juli.logging.DirectJDKLog][main][173]Starting Servlet engine: [Apache Tomcat/10.1.20]
[2024-05-12 14:39:14,188][INFO ][org.apache.juli.logging.DirectJDKLog][main][173]Initializing Spring embedded WebApplicationContext
[2024-05-12 14:39:14,189][INFO ][org.springframework.boot.web.servlet.context.ServletWebServerApplicationContext][main][296]Root WebApplicationContext: initialization completed in 1595 ms
[2024-05-12 14:39:14,455][INFO ][org.hibernate.jpa.internal.util.LogHelper][main][31]HHH000204: Processing PersistenceUnitInfo [name: default]
[2024-05-12 14:39:14,591][INFO ][org.hibernate.Version][main][44]HHH000412: Hibernate ORM core version 6.4.4.Final
[2024-05-12 14:39:14,631][INFO ][org.hibernate.cache.internal.RegionFactoryInitiator][main][50]HHH000026: Second-level cache disabled
[2024-05-12 14:39:14,854][INFO ][org.springframework.orm.jpa.persistenceunit.SpringPersistenceUnitInfo][main][87]No LoadTimeWeaver setup: ignoring JPA class transformer
[2024-05-12 14:39:14,889][INFO ][com.zaxxer.hikari.HikariDataSource][main][110]HikariPool-1 - Starting...
[2024-05-12 14:39:15,077][INFO ][com.zaxxer.hikari.pool.HikariPool][main][565]HikariPool-1 - Added connection org.postgresql.jdbc.PgConnection@46b5f061
[2024-05-12 14:39:15,079][INFO ][com.zaxxer.hikari.HikariDataSource][main][123]HikariPool-1 - Start completed.
[2024-05-12 14:39:16,206][INFO ][org.hibernate.engine.transaction.jta.platform.internal.JtaPlatformInitiator][main][58]HHH000489: No JTA platform available (set 'hibernate.transaction.jta.platform' to enable JTA platform integration)
[2024-05-12 14:39:16,312][INFO ][org.springframework.orm.jpa.AbstractEntityManagerFactoryBean][main][437]Initialized JPA EntityManagerFactory for persistence unit 'default'
[2024-05-12 14:39:16,607][INFO ][org.springframework.data.jpa.repository.query.QueryEnhancerFactory][main][49]Hibernate is in classpath; If applicable, HQL parser will be used.
[2024-05-12 14:39:17,402][WARN ][org.springframework.boot.autoconfigure.orm.jpa.JpaBaseConfiguration$JpaWebConfiguration][main][232]spring.jpa.open-in-view is enabled by default. Therefore, database queries may be performed during view rendering. Explicitly configure spring.jpa.open-in-view to disable this warning
[2024-05-12 14:39:17,899][INFO ][org.apache.juli.logging.DirectJDKLog][main][173]Starting ProtocolHandler ["http-nio-8080"]
[2024-05-12 14:39:17,929][INFO ][org.springframework.boot.web.embedded.tomcat.TomcatWebServer][main][241]Tomcat started on port 8080 (http) with context path ''
[2024-05-12 14:39:17,940][INFO ][org.springframework.boot.StartupInfoLogger][main][56]Started Application in 5.902 seconds (process running for 6.481)
[2024-05-12 14:39:17,949][INFO ][synrgy7thapmoch4.Application][main][15]info logging level
[2024-05-12 14:39:17,950][ERROR][synrgy7thapmoch4.Application][main][16]error logging level
[2024-05-12 14:39:17,950][WARN ][synrgy7thapmoch4.Application][main][17]warning logging level
[2024-05-12 14:39:17,950][ERROR][synrgy7thapmoch4.Application][main][20]Error processing request
[2024-05-12 14:39:21,588][INFO ][org.apache.juli.logging.DirectJDKLog][http-nio-8080-exec-1][173]Initializing Spring DispatcherServlet 'dispatcherServlet'
[2024-05-12 14:39:21,589][INFO ][org.springframework.web.servlet.FrameworkServlet][http-nio-8080-exec-1][532]Initializing Servlet 'dispatcherServlet'
[2024-05-12 14:39:21,590][INFO ][org.springframework.web.servlet.FrameworkServlet][http-nio-8080-exec-1][554]Completed initialization in 1 ms
[2024-05-12 14:39:21,879][INFO ][synrgy7thapmoch4.utils.Response][http-nio-8080-exec-1][17]Success response: Order(id=b782ded0-6d90-4c95-afe2-27693a99581e, order_time=2024-05-12 14:39:21.848719, destination_address=sampang, user_id=User(id=2801af54-3fba-438b-b6dc-507549c13b73, username=robin, email=robinbro@gmail.com, password=null), completed=true)
[2024-05-12 14:45:58,846][INFO ][org.springframework.orm.jpa.AbstractEntityManagerFactoryBean][SpringApplicationShutdownHook][650]Closing JPA EntityManagerFactory for persistence unit 'default'
[2024-05-12 14:45:58,847][INFO ][com.zaxxer.hikari.HikariDataSource][SpringApplicationShutdownHook][350]HikariPool-1 - Shutdown initiated...
[2024-05-12 14:45:58,851][INFO ][com.zaxxer.hikari.HikariDataSource][SpringApplicationShutdownHook][352]HikariPool-1 - Shutdown completed.
[2024-05-12 14:46:03,798][INFO ][org.springframework.boot.StartupInfoLogger][main][50]Starting Application using Java 21 with PID 21952 (C:\Users\canis\IdeaProjects\challange\24001114-synrgy7-tha-pmo-ch5\target\classes started by Lln_Sln_Scn in C:\Users\canis\IdeaProjects\challange\24001114-synrgy7-tha-pmo-ch5)
[2024-05-12 14:46:03,800][INFO ][org.springframework.boot.SpringApplication][main][654]No active profile set, falling back to 1 default profile: "default"
[2024-05-12 14:46:04,554][INFO ][org.springframework.data.repository.config.RepositoryConfigurationDelegate][main][143]Bootstrapping Spring Data JPA repositories in DEFAULT mode.
[2024-05-12 14:46:04,651][INFO ][org.springframework.data.repository.config.RepositoryConfigurationDelegate][main][211]Finished Spring Data repository scanning in 89 ms. Found 5 JPA repository interfaces.
[2024-05-12 14:46:05,214][INFO ][org.springframework.boot.web.embedded.tomcat.TomcatWebServer][main][109]Tomcat initialized with port 8080 (http)
[2024-05-12 14:46:05,225][INFO ][org.apache.juli.logging.DirectJDKLog][main][173]Initializing ProtocolHandler ["http-nio-8080"]
[2024-05-12 14:46:05,227][INFO ][org.apache.juli.logging.DirectJDKLog][main][173]Starting service [Tomcat]
[2024-05-12 14:46:05,227][INFO ][org.apache.juli.logging.DirectJDKLog][main][173]Starting Servlet engine: [Apache Tomcat/10.1.20]
[2024-05-12 14:46:05,312][INFO ][org.apache.juli.logging.DirectJDKLog][main][173]Initializing Spring embedded WebApplicationContext
[2024-05-12 14:46:05,312][INFO ][org.springframework.boot.web.servlet.context.ServletWebServerApplicationContext][main][296]Root WebApplicationContext: initialization completed in 1467 ms
[2024-05-12 14:46:05,667][INFO ][org.hibernate.jpa.internal.util.LogHelper][main][31]HHH000204: Processing PersistenceUnitInfo [name: default]
[2024-05-12 14:46:05,771][INFO ][org.hibernate.Version][main][44]HHH000412: Hibernate ORM core version 6.4.4.Final
[2024-05-12 14:46:05,813][INFO ][org.hibernate.cache.internal.RegionFactoryInitiator][main][50]HHH000026: Second-level cache disabled
[2024-05-12 14:46:06,035][INFO ][org.springframework.orm.jpa.persistenceunit.SpringPersistenceUnitInfo][main][87]No LoadTimeWeaver setup: ignoring JPA class transformer
[2024-05-12 14:46:06,074][INFO ][com.zaxxer.hikari.HikariDataSource][main][110]HikariPool-1 - Starting...
[2024-05-12 14:46:06,287][INFO ][com.zaxxer.hikari.pool.HikariPool][main][565]HikariPool-1 - Added connection org.postgresql.jdbc.PgConnection@4300e240
[2024-05-12 14:46:06,289][INFO ][com.zaxxer.hikari.HikariDataSource][main][123]HikariPool-1 - Start completed.
[2024-05-12 14:46:07,291][INFO ][org.hibernate.engine.transaction.jta.platform.internal.JtaPlatformInitiator][main][58]HHH000489: No JTA platform available (set 'hibernate.transaction.jta.platform' to enable JTA platform integration)
[2024-05-12 14:46:07,392][INFO ][org.springframework.orm.jpa.AbstractEntityManagerFactoryBean][main][437]Initialized JPA EntityManagerFactory for persistence unit 'default'
[2024-05-12 14:46:07,815][INFO ][org.springframework.data.jpa.repository.query.QueryEnhancerFactory][main][49]Hibernate is in classpath; If applicable, HQL parser will be used.
[2024-05-12 14:46:08,631][WARN ][org.springframework.boot.autoconfigure.orm.jpa.JpaBaseConfiguration$JpaWebConfiguration][main][232]spring.jpa.open-in-view is enabled by default. Therefore, database queries may be performed during view rendering. Explicitly configure spring.jpa.open-in-view to disable this warning
[2024-05-12 14:46:09,190][INFO ][org.apache.juli.logging.DirectJDKLog][main][173]Starting ProtocolHandler ["http-nio-8080"]
[2024-05-12 14:46:09,237][INFO ][org.springframework.boot.web.embedded.tomcat.TomcatWebServer][main][241]Tomcat started on port 8080 (http) with context path ''
[2024-05-12 14:46:09,250][INFO ][org.springframework.boot.StartupInfoLogger][main][56]Started Application in 6.01 seconds (process running for 6.554)
[2024-05-12 14:46:09,261][INFO ][synrgy7thapmoch4.Application][main][15]info logging level
[2024-05-12 14:46:09,262][ERROR][synrgy7thapmoch4.Application][main][16]error logging level
[2024-05-12 14:46:09,262][WARN ][synrgy7thapmoch4.Application][main][17]warning logging level
[2024-05-12 14:46:09,263][ERROR][synrgy7thapmoch4.Application][main][20]Error processing request
[2024-05-12 14:46:33,488][INFO ][org.apache.juli.logging.DirectJDKLog][http-nio-8080-exec-1][173]Initializing Spring DispatcherServlet 'dispatcherServlet'
[2024-05-12 14:46:33,489][INFO ][org.springframework.web.servlet.FrameworkServlet][http-nio-8080-exec-1][532]Initializing Servlet 'dispatcherServlet'
[2024-05-12 14:46:33,490][INFO ][org.springframework.web.servlet.FrameworkServlet][http-nio-8080-exec-1][554]Completed initialization in 1 ms
[2024-05-12 14:46:33,743][INFO ][synrgy7thapmoch4.utils.Response][http-nio-8080-exec-1][17]Success response: Product(id=efdb20db-fb3b-491d-831f-dc7e3153e14e, name=Bakso urat, price=25000.0, merchant_id=Merchant(id=dc1ed1a1-711b-409e-9bbe-90c2a10692e6, name=robin, location=sampang, open=true))
[2024-05-12 14:48:27,408][INFO ][org.springframework.orm.jpa.AbstractEntityManagerFactoryBean][SpringApplicationShutdownHook][650]Closing JPA EntityManagerFactory for persistence unit 'default'
[2024-05-12 14:48:27,408][INFO ][com.zaxxer.hikari.HikariDataSource][SpringApplicationShutdownHook][350]HikariPool-1 - Shutdown initiated...
[2024-05-12 14:48:27,408][INFO ][com.zaxxer.hikari.HikariDataSource][SpringApplicationShutdownHook][352]HikariPool-1 - Shutdown completed.
